<?xml version="1.0" encoding="UTF-8"?>
<testsuite xmlns:xsi="http://www.w3.org/2001/XMLSchema-instance" xsi:noNamespaceSchemaLocation="https://maven.apache.org/surefire/maven-surefire-plugin/xsd/surefire-test-report.xsd" name="MiniChat.ClientTest" time="0.004" tests="5" errors="5" skipped="0" failures="0">
  <properties>
    <property name="sun.desktop" value="windows"/>
    <property name="awt.toolkit" value="sun.awt.windows.WToolkit"/>
    <property name="file.encoding.pkg" value="sun.io"/>
    <property name="java.specification.version" value="1.8"/>
    <property name="sun.cpu.isalist" value="pentium_pro+mmx pentium_pro pentium+mmx pentium i486 i386 i86"/>
    <property name="sun.jnu.encoding" value="Cp1252"/>
    <property name="java.class.path" value="C:\Users\useur\Desktop\Cours\S2\CAR\TP\MiniChat\Server\target\test-classes;C:\Users\useur\Desktop\Cours\S2\CAR\TP\MiniChat\Server\target\classes;C:\Users\useur\.m2\repository\junit\junit\4.11\junit-4.11.jar;C:\Users\useur\.m2\repository\org\hamcrest\hamcrest-core\1.3\hamcrest-core-1.3.jar;"/>
    <property name="java.vm.vendor" value="Oracle Corporation"/>
    <property name="sun.arch.data.model" value="32"/>
    <property name="user.variant" value=""/>
    <property name="java.vendor.url" value="http://java.oracle.com/"/>
    <property name="user.timezone" value="Europe/Paris"/>
    <property name="java.vm.specification.version" value="1.8"/>
    <property name="os.name" value="Windows 10"/>
    <property name="user.country" value="FR"/>
    <property name="sun.java.launcher" value="SUN_STANDARD"/>
    <property name="sun.boot.library.path" value="C:\Program Files (x86)\Java\jdk1.8.0_181\jre\bin"/>
    <property name="sun.java.command" value="C:\Users\useur\AppData\Local\Temp\surefire5793078900418850500\surefirebooter191806002698818524.jar C:\Users\useur\AppData\Local\Temp\surefire5793078900418850500 2020-03-05T09-47-56_295-jvmRun1 surefire3710543926387644408tmp surefire_06205101074930260281tmp"/>
    <property name="surefire.test.class.path" value="C:\Users\useur\Desktop\Cours\S2\CAR\TP\MiniChat\Server\target\test-classes;C:\Users\useur\Desktop\Cours\S2\CAR\TP\MiniChat\Server\target\classes;C:\Users\useur\.m2\repository\junit\junit\4.11\junit-4.11.jar;C:\Users\useur\.m2\repository\org\hamcrest\hamcrest-core\1.3\hamcrest-core-1.3.jar;"/>
    <property name="sun.cpu.endian" value="little"/>
    <property name="user.home" value="C:\Users\useur"/>
    <property name="user.language" value="fr"/>
    <property name="java.specification.vendor" value="Oracle Corporation"/>
    <property name="java.home" value="C:\Program Files (x86)\Java\jdk1.8.0_181\jre"/>
    <property name="basedir" value="C:\Users\useur\Desktop\Cours\S2\CAR\TP\MiniChat\Server"/>
    <property name="file.separator" value="\"/>
    <property name="line.separator" value="&#10;"/>
    <property name="java.vm.specification.vendor" value="Oracle Corporation"/>
    <property name="java.specification.name" value="Java Platform API Specification"/>
    <property name="java.awt.graphicsenv" value="sun.awt.Win32GraphicsEnvironment"/>
    <property name="surefire.real.class.path" value="C:\Users\useur\AppData\Local\Temp\surefire5793078900418850500\surefirebooter191806002698818524.jar"/>
    <property name="sun.boot.class.path" value="C:\Program Files (x86)\Java\jdk1.8.0_181\jre\lib\resources.jar;C:\Program Files (x86)\Java\jdk1.8.0_181\jre\lib\rt.jar;C:\Program Files (x86)\Java\jdk1.8.0_181\jre\lib\sunrsasign.jar;C:\Program Files (x86)\Java\jdk1.8.0_181\jre\lib\jsse.jar;C:\Program Files (x86)\Java\jdk1.8.0_181\jre\lib\jce.jar;C:\Program Files (x86)\Java\jdk1.8.0_181\jre\lib\charsets.jar;C:\Program Files (x86)\Java\jdk1.8.0_181\jre\lib\jfr.jar;C:\Program Files (x86)\Java\jdk1.8.0_181\jre\classes"/>
    <property name="user.script" value=""/>
    <property name="sun.management.compiler" value="HotSpot Client Compiler"/>
    <property name="java.runtime.version" value="1.8.0_181-b13"/>
    <property name="user.name" value="useur"/>
    <property name="path.separator" value=";"/>
    <property name="os.version" value="10.0"/>
    <property name="java.endorsed.dirs" value="C:\Program Files (x86)\Java\jdk1.8.0_181\jre\lib\endorsed"/>
    <property name="java.runtime.name" value="Java(TM) SE Runtime Environment"/>
    <property name="file.encoding" value="Cp1252"/>
    <property name="java.vm.name" value="Java HotSpot(TM) Client VM"/>
    <property name="localRepository" value="C:\Users\useur\.m2\repository"/>
    <property name="java.vendor.url.bug" value="http://bugreport.sun.com/bugreport/"/>
    <property name="java.io.tmpdir" value="C:\Users\useur\AppData\Local\Temp\"/>
    <property name="java.version" value="1.8.0_181"/>
    <property name="user.dir" value="C:\Users\useur\Desktop\Cours\S2\CAR\TP\MiniChat\Server"/>
    <property name="os.arch" value="x86"/>
    <property name="java.vm.specification.name" value="Java Virtual Machine Specification"/>
    <property name="java.awt.printerjob" value="sun.awt.windows.WPrinterJob"/>
    <property name="sun.os.patch.level" value=""/>
    <property name="java.library.path" value="C:\Program Files (x86)\Java\jdk1.8.0_181\jre\bin;C:\WINDOWS\Sun\Java\bin;C:\WINDOWS\system32;C:\WINDOWS;C:\ProgramData\Oracle\Java\javapath;C:\Python27\;C:\Python27\Scripts;C:\oraclexe\app\oracle\product\11.2.0\server\bin;C:\Program Files (x86)\Common Files\Oracle\Java\javapath;C:\WINDOWS\system32;C:\WINDOWS;C:\WINDOWS\System32\Wbem;C:\WINDOWS\System32\WindowsPowerShell\v1.0\;C:\WINDOWS\System32\OpenSSH\;C:\CamlLight\bin;C:\Program Files\Git\cmd;C:\wamp64\bin\php\php7.3.5;C:\ProgramData\ComposerSetup\bin;C:\Program Files\Symfony;C:\Program Files (x86)\BaseX\bin;C:\Program Files\nodejs\;C:\ProgramData\chocolatey\bin;C:\apache-maven-3.6.3\bin;C:\Program Files (x86)\Java\jdk1.8.0_181\bin;C:\Users\useur\AppData\Local\Microsoft\WindowsApps;C:\Users\useur\AppData\Roaming\Composer\vendor\bin;C:\Users\useur\AppData\Local\Programs\Microsoft VS Code\bin;C:\Users\useur\AppData\Roaming\npm;C:\Program Files\JetBrains\IntelliJ IDEA Educational Edition 2019.3\bin;;C:\Users\useur\Desktop\Cours\ParcoursJ2E\apache-maven-3.6.3\bin;;."/>
    <property name="java.vm.info" value="mixed mode"/>
    <property name="java.vendor" value="Oracle Corporation"/>
    <property name="java.vm.version" value="25.181-b13"/>
    <property name="java.ext.dirs" value="C:\Program Files (x86)\Java\jdk1.8.0_181\jre\lib\ext;C:\WINDOWS\Sun\Java\lib\ext"/>
    <property name="sun.io.unicode.encoding" value="UnicodeLittle"/>
    <property name="java.class.version" value="52.0"/>
  </properties>
  <testcase name="initializationError" classname="MiniChat.ClientTest" time="0">
    <error message="Method Receive should have no parameters" type="java.lang.Exception">java.lang.Exception: Method Receive should have no parameters
</error>
  </testcase>
  <testcase name="initializationError" classname="MiniChat.ClientTest" time="0">
    <error message="Method getNom() should be void" type="java.lang.Exception">java.lang.Exception: Method getNom() should be void
</error>
  </testcase>
  <testcase name="initializationError" classname="MiniChat.ClientTest" time="0">
    <error message="Method getPwd() should be void" type="java.lang.Exception">java.lang.Exception: Method getPwd() should be void
</error>
  </testcase>
  <testcase name="initializationError" classname="MiniChat.ClientTest" time="0">
    <error message="Method ReceiveList should have no parameters" type="java.lang.Exception">java.lang.Exception: Method ReceiveList should have no parameters
</error>
  </testcase>
  <testcase name="initializationError" classname="MiniChat.ClientTest" time="0">
    <error message="Method getLogin() should be void" type="java.lang.Exception">java.lang.Exception: Method getLogin() should be void
</error>
  </testcase>
</testsuite>